  KinectPart.cpp
c:\program files\nvidia gpu computing toolkit\cuda\v10.1\include\cuda_fp16.h : warning C4819: 该文件包含不能在当前代码页(936)中表示的字符。请将该文件保存为 Unicode 格式以防止数据丢失
d:\intelligentcatchbottle\sample\yolosample3\darknet-master\src\kinectpart.cpp(22): warning C4305: “初始化”: 从“double”到“float”截断
d:\intelligentcatchbottle\sample\yolosample3\darknet-master\src\kinectpart.cpp(23): warning C4305: “初始化”: 从“double”到“float”截断
d:\intelligentcatchbottle\sample\yolosample3\darknet-master\src\kinectpart.cpp(24): warning C4305: “初始化”: 从“double”到“float”截断
d:\intelligentcatchbottle\sample\yolosample3\darknet-master\src\kinectpart.cpp(25): warning C4305: “初始化”: 从“double”到“float”截断
d:\intelligentcatchbottle\sample\yolosample3\darknet-master\src\kinectpart.cpp(30): warning C4200: 使用了非标准扩展: 结构/联合中的零大小数组
  d:\intelligentcatchbottle\sample\yolosample3\darknet-master\src\kinectpart.cpp(30): note: 默认构造函数或 copy/move 赋值运算符将忽略此成员
d:\intelligentcatchbottle\sample\yolosample3\darknet-master\src\kinectpart.cpp(31): warning C4200: 使用了非标准扩展: 结构/联合中的零大小数组
  d:\intelligentcatchbottle\sample\yolosample3\darknet-master\src\kinectpart.cpp(31): note: 默认构造函数或 copy/move 赋值运算符将忽略此成员
d:\intelligentcatchbottle\sample\yolosample3\darknet-master\src\kinectpart.cpp(32): warning C4200: 使用了非标准扩展: 结构/联合中的零大小数组
  d:\intelligentcatchbottle\sample\yolosample3\darknet-master\src\kinectpart.cpp(32): note: 默认构造函数或 copy/move 赋值运算符将忽略此成员
d:\intelligentcatchbottle\sample\yolosample3\darknet-master\src\kinectpart.cpp(33): warning C4200: 使用了非标准扩展: 结构/联合中的零大小数组
  d:\intelligentcatchbottle\sample\yolosample3\darknet-master\src\kinectpart.cpp(33): note: 默认构造函数或 copy/move 赋值运算符将忽略此成员
d:\intelligentcatchbottle\sample\yolosample3\darknet-master\src\kinectpart.cpp(43): warning C4267: “初始化”: 从“size_t”转换到“int”，可能丢失数据
d:\intelligentcatchbottle\sample\yolosample3\darknet-master\src\kinectpart.cpp(59): warning C4190: “image_to_mat_mogai”有指定的 C 链接，但返回了与 C 不兼容的 UDT“cv::Mat”
  d:\opencv\build\include\opencv2\core\mat.hpp(791): note: 参见“cv::Mat”的声明
d:\intelligentcatchbottle\sample\yolosample3\darknet-master\src\kinectpart.cpp(64): warning C4267: “初始化”: 从“size_t”转换到“int”，可能丢失数据
d:\intelligentcatchbottle\sample\yolosample3\darknet-master\src\kinectpart.cpp(190): warning C4244: “=”: 从“float”转换到“int”，可能丢失数据
d:\intelligentcatchbottle\sample\yolosample3\darknet-master\src\kinectpart.cpp(191): warning C4244: “=”: 从“float”转换到“int”，可能丢失数据
  正在生成代码
  3 of 1548 functions ( 0.2%) were compiled, the rest were copied from previous compilation.
    0 functions were new in current compilation
    1 functions had inline decision re-evaluated but remain unchanged
  已完成代码的生成
  darknet.vcxproj -> D:\intelligentCatchBottle\sample\YOLOSample3\darknet-master\build\darknet\x64\darknet.exe
